!      ---- Modo de Desenho da Barra ---
BU
!      ---- Tamanho da Fonte das Legendas ---
F 1
!      ---- Cores (Fundo - Identificador - Numero - Valor - Grid - Fluxo Ativo - Fluxo Reativo)---
RF 255 255 255
RI 128 0 128
RN 128 0 128
RV 0 0 255
RG 0 0 0
RA 0 0 255
RR 255 0 0
!      ---- Grupos Base de Tensão ----
!Ten  lar  R   G   B ID
G 230 1 0 128 64  E
G 525 1 255 0 0  B
!    ---- Componentes ----
!Numero Tipo Rot Hac Px Py Cor sl SubTp ch1 ch2 ch3 ch4 Descrip
C 28  1 513 0   -208   -160  1  0 - 839  0  0  0 0
C 29  1 1281 0   -320   -160  1  0 - 2458  0  0  0 0
C 31  1 769 0   -208    -48  2  0 - 896  0  0  0 0
C 32  1 513 0    416    144  1  0 - 934  0  0  0 0
C 33  1 1025 0    544     32  2  0 - 933  0  0  0 0
C 35  1 769 0 1001.68 -165.853  2  0 - 895  0  0  0 0
C 39  1 769 0 1129.68 -165.853  1  0 - 814  0  0  0 0
C 41  1 769 0    992     16  2  0 - 959  0  0  0 0
C 42  1 769 0   1184     16  1  0 - 960  0  0  0 0
C 44  1 769 0   1088    288  2  0 - 938  0  0  0 0
C 46  1 513 0 -121.818     80  2  0 - 897  0  0  0 0
C 47  1 513 0    -16    -16  1  0 - 1047  0  0  0 0
C 48  1 769 0    192    -48  2  0 - 1060  0  0  0 0
C 49  1 513 0    368      0  2  0 - 856  0  0  0 0
C 50  1 769 0    320    400  2  0 - 995  0  0  0 0
C 52  1 513 0    464    432  2  0 - 1030  0  0  0 0
C 53  1 769 0    592    464  2  0 - 955  0  0  0 0
C 54  1 769 0    960    848  2  0 - 964  0  0  0 0
C 55  1 1025 0   1088    800  1  0 - 965  0  0  0 0
C 56  1 769 0    912   1008  2  0 - 976  0  0  0 0
C 57  1 513 0   1056   1056  1  0 - 1210  0  0  0 0
C 59  1 769 0   1200    288  1  0 - 939  0  0  0 0
C 60  1 769 0 1321.68 170.147  1  0 - 1015  0  0  0 0
C 61  1 512 0     64    352  1  0 - 1069  0  0  0 0
C 62  1 257 0    192    640  1  0 - 1041  0  0  0 0
C 63  1 513 0    704    976  2  0 - 979  0  0  0 0
C216  1 769 0   1408    640  1  0 - 1010  0  0  0 0
C341  1 514 0   1376    800  1  0 - 1057  0  0  0 0
C425  1 770 0    336   -304  2  0 - 999  0  0  0 0
C465  1 769 0   1344    448  2  0 - 946  0  0  0 0
C466  1 769 0   1440    448  1  0 - 947  0  0  0 0
C536  1 257 0    736    800  1  0 - 963  0  0  0 0
C 80  9 3 0   -256    -32  0  0 -  1 2458 896  0 0
C 93  9 1 0 1065.68 -101.853  0  0 -  2 814 895  0 0
C104  9 1 0 1065.68 -149.853  0  0 -  1 814 895  0 0
C105  9 1 0   1088     80  0  0 -  1 960 959  0 0
C106  9 1 0   1088    112  0  0 -  2 960 959  0 0
C143  9 1 0    976   1056  0  0 -  1 1210 976  0 0
C144  9 1 0    976   1088  0  0 -  2 1210 976  0 0
C145  9 1 0    976   1120  0  0 -  3 1210 976  0 0
C147  9 1 0   1024    864  0  0 -  1 965 964  0 0
C151  9 1 0   1024    896  0  0 -  2 965 964  0 0
C187  9 1 0   1142  335.4  0  0 -  1 939 938  0 0
C199 24 3 0     48      0  1  0 -  1 1047  0  0 0
C201 24 1 0 -185.818    128  2  0 -  4 897  0  0 0
C203 24 3 0    256     16  2  0 -  1 1060  0  0 0
C204 24 1 0    240    432  2  0 -  1 995  0  0 0
C205 24 1 0    400    416  2  0 -  4 1030  0  0 0
C206 24 3 0    432     32  2  0 -  4 856  0  0 0
C231  9 3 0    480    160  0  0 -  1 934 933  0 0
C307  5 0 0    160    736  1  0 -  1 1041  0  0 0
C313 22 0 0    160    416  1  0 -  1 1069  0  0 0
C314  6 0 0    192    320  1  0 -  1 1069  0  0 87
C319 24 3 0   1488    688  1  0 -  1 1010  0  0 0
C321 24 3 0   1488    720  1  0 -  2 1010  0  0 0
C325 24 3 0   1488    752  1  0 -  3 1010  0  0 0
C329 22 0 0 1379.22 286.227  1  0 -  1 1015  0  0 0
C331  9 1 0 1141.4  304.6  0  0 -  2 939 938  0 0
C332  9 1 0 1142.6  367.4  0  0 -  3 939 938  0 0
C333 23   0 0 1161.68 410.147  1  0 -  1 939  0  0 0 0
C334  9 1 0   1088     48  0  0 -  3 960 959  0 0
C335  9 3 0   -256      0  0  0 -  2 2458 896  0 0
C336  9 3 0   -256     32  0  0 -  3 2458 896  0 0
C352 23   0 0    656   1056  2  0 -  1 979  0  0 0 0
C359 23   0 0   1360    288  1  0 -  1 1015  0  0 0 0
C360 23   0 0 251.235 503.824  2  0 -  1 995  0  0 0 0
C363  5 0 0 300.897 573.757  2  0 -  1 995  0  0 0
C369  5 0 0 945.607 182.723  2  0 -  1 959  0  0 0
C375 22 0 0 1287.69 432.109  1  0 -  1 939  0  0 0
C377 22 0 0 1248.95 455.581  1  0 -  2 939  0  0 0
C381 25   0 0 945.503 -232.793  0  0 - 381  0  0  0 60
!   0   0   0 1 "SUDESTE<*><*>BA-IB1-PR500<*>"
C383 25   0 0 1227.37 478.105  0  0 - 383  0  0  0 0
!   0   0   0 1 "Itajaí"
C386 25   0 0 267.519 594.453  0  0 - 386  0  0  0 0
!   0   0   0 1 "Santo Ângelo"
C389 25   0 0    192   -384  0  0 - 389  0  0  0 0
!   0   0   0 1 "LONDRI-PR525<*>"
C394 22 0 0   -128   -112  1  0 -  1 839  0  0 0
C395  5 0 0 -251.144 117.335  2  0 -  1 896  0  0 0
C396 25   0 0 -303.266 141.659  0  0 - 396  0  0  0 0
!   0   0   0 1 "FOZIGU-PR525"
C399 22 0 0 757.153 1099.79  2  0 -  1 979  0  0 0
C406  9 1 0 1065.19 -53.7513  0  0 -  3 814 895  0 0
C407 22 2 0 968.946 -208.536  2  0 -  1 895  0  0 0
C408 23   0 0 1177.46 -81.8211  1  0 -  1 814  0  0 0 0
C423 25   0 0 606.656 40.862  0  0 - 423  0  0  0 -16
!   0   0   0 1 "GOV. BENTO MUNHOZ"
C433 22 2 0    240   -368  2  0 -  1 999  0  0 0
C436 22 2 0    320   -368  2  0 -  2 999  0  0 0
C439 25   0 0 295.561 -386.01  0  0 - 439  0  0  0 0
!   0   0   0 1 "IVAIPE-PR765"
C440 22 0 0 -365.142 9.38943  1  0 -  1 2458  0  0 0
C441  4 1 0    528    544  2  0 -  1 955  0  0 4
C442 22 0 0   1248     64  1  0 -  1 960  0  0 0
C443 25   0 0 896.918 204.829  0  0 - 443  0  0  0 0
!   0   0   0 1 "CBALES-PR525<*>"
C444 22 0 0 1175.86 -109.21  1  0 -  1 814  0  0 0
C445  5 0 0 552.285 622.039  2  0 -  1 955  0  0 0
C447 22 0 0   1104   1136  1  0 -  1 1210  0  0 0
C448  9 1 0   1024    944  0  0 -  3 965 964  0 0
C449 22 0 0   1136    944  1  0 -  1 965  0  0 0
C450 22 0 0     48    416  1  0 -  2 1069  0  0 0
C451 25   0 0 15.1813 434.456  0  0 - 451  0  0  0 -80
!   0   0   0 1 "FCHAPE-RS230<*>"
C464 22 0 0   1376    848  1  0 -  1 1057  0  0 0
C474  9 1 0   1392    512  0  0 -  1 947 946  0 0
C475  9 1 0   1392    560  0  0 -  2 947 946  0 0
C480  9 1 0   1392    480  0  0 -  3 947 946  0 0
C494 23   0 0 495.246 579.682  2  0 -  1 955  0  0 0 0
C498 23   0 0 1297.86 570.206  2  0 -  1 946  0  0 0 0
C507 22 0 0 1568.56 549.996  1  0 -  1 947  0  0 0
C509 22 0 0 1481.7 611.104  1  0 -  2 947  0  0 0
C519 23   2 0   1568    496  1  0 -  1 947  0  0 0 0
C522 24 3 0    608     64  2  0 -  1 933  0  0 0
C525 23   0 0 1042.97 415.945  2  0 -  1 938  0  0 0 0
C526 23   0 0 880.117 154.077  2  0 -  1 959  0  0 0 0
C531 22 0 0 382.89 262.897  1  0 -  1 934  0  0 0
C533 22 2 0 -33.6851 -63.1433  1  0 -  1 1047  0  0 0
C544  4 0 0 769.883 890.35  1  0 -  1 963  0  0 4
C546  5 0 0 717.746 888.32  1  0 -  1 963  0  0 0
C548 23   3 0   1104   1072  1  0 -  1 1210  0  0 0 0
C549 24 2 0 152.511 588.721  1  0 -  1 1041  0  0 0
C550 24 0 0 220.589 736.035  1  0 -  2 1041  0  0 0
!      ---- Linhas ----
!Numero Tipo hac sl De Para ch1 nsg segmentos
L77 14 0 0  28  29  1  1 7 
L78 14 0 0  28  29  2  1 8 
L83 14 0 0  33  35  1  1 15 
L86 14 0 0  33  41  1  1 18 
L90 14 0 0  41  35  1  1 22 
L108 14 0 0  28  47  1  1 38 
L110 14 0 0  32  47  1  1 40 
L113 14 0 0  32  47  2  1 43 
L120 14 0 0  44  41  1  1 46 
L124 14 0 0  42  60  1  1 47 
L129 14 0 0  60  59  1  1 52 
L132 14 0 0  44  53  1  1 55 
L133 14 0 0  52  53  1  1 56 
L134 14 0 0  50  52  1  1 57 
L135 14 0 0  50  48  1  1 58 
L136 14 0 0  53  54  1  1 59 
L153 14 0 0  50  54  1  1 76 
L161 14 0 0  56  63  1  1 81 
L169 14 0 0  47  61  1  1 87 
L177 14 0 0  31  46  1  1 94 
L215 14 0 0  50  63  1  1 126 
L220 14 0 0  32  42  1  1 130 
L236 14 0 0  33  53  1  1 137 
L250 14 0 0  49  48  1  1 138 
L264 14 0 0  48  46  1  1 140 
L268 14 0 0  49  33  1  1 141 
L272 14 0 0  61  62  1  1 143 
L274 14 0 0  61  62  2  1 144 
L283 14 0 0  50  63  2  1 147 
L285 14 0 0  54  56  1  1 148 
L289 14 0 0  50  48  2  1 150 
L311 14 0 0  47  61  2  1 156 
L330 14 0 0  60  59  2  1 166 
L340 14 0 0  53  63  1  1 179 
L343 14 0 0 341 216  1  1 180 
L345 14 0 0 341 216  2  1 182 
L346 14 0 0 341 216  3  1 183 
L348 14 0 0  55 341  1  1 185 
L364 14 0 0  42  60  2  1 191 
L365 14 0 0  42  60  3  1 192 
L370 14 0 0  41  35  2  1 196 
L400 14 0 0  52  53  2  1 207 
L427 14 0 0 425  33  1  1 213 
L429 14 0 0 425  31  1  1 215 
L431 14 0 0 425  48  1  1 216 
L432 14 0 0 425  48  2  1 217 
L486 14 0 0 216 466  1  1 251 
L487 14 0 0 466  59  1  1 252 
L488 14 0 0  44 465  1  1 253 
L490 14 0 0  53 465  1  1 254 
L506 14 0 0 216 466  2  1 262 
L510 14 0 0 466  59  2  1 265 
L532 14 0 0  28  47  2  1 273 
L538 14 0 0  62 536  1  1 276 
L540 14 0 0  62 536  2  1 277 
L541 14 0 0 536  55  1  1 278 
L543 14 0 0 536  55  2  1 280 
L547 14 0 0  28  29  3  1 284 
!     ---- Ligacoes ----
!Numero Flags cor Inic Coni Fin Conf Linhas nqb quebras
U 7 0  1  28   4  29   4  77   0 
U 8 0  1  28   5  29   5  78   0 
U11 0  1  80   1  29   9  -1   0 
U12 0  2  80   2  31   2  -1   0 
U27 0  1  93   1  39   5  -1   0 
U28 0  2  93   2  35   5  -1   0 
U31 0  1 104   1  39   2  -1   1  1113.68 -149.853
U32 0  2 104   2  35   2  -1   0 
U33 0  1 105   1  42   5  -1   0 
U34 0  2 105   2  41   5  -1   0 
U35 0  1 106   1  42   7  -1   0 
U36 0  2 106   2  41   7  -1   0 
U46 0  2  44   2  41   8 120   2    1040    304   1040    128
U52 0  1  60   8  59   3 129   2  1274.96 282.367 1253.62 319.704
U55 0  2  44   4  53   4 132   2     992    336    640    512
U59 0  2  53   6  54   2 136   2     640    544    896    864
U63 0  1 143   1  57   1  -1   0 
U64 0  2 143   2  56   4  -1   0 
U65 0  1 144   1  57   3  -1   0 
U66 0  2 144   2  56   6  -1   0 
U67 0  1 145   1  57   5  -1   0 
U68 0  2 145   2  56   8  -1   0 
U70 0  1 147   1  55   5  -1   0 
U71 0  2 147   2  54   2  -1   0 
U74 0  1 151   1  55   7  -1   0 
U75 0  2 151   2  54   4  -1   0 
U94 0  2  31   4  46   2 177   2    -160      0 -153.818     96
U99 0  1 187   1  59   4  -1   0 
U100 0  2 187   2  44   4  -1   0 
U111 0  1 199   1  47   2  -1   0 
U113 0  2 201   1  46   4  -1   0 
U115 0  2 203   1  48   5  -1   0 
U116 0  2 204   1  50   3  -1   0 
U117 0  2 205   1  52   2  -1   0 
U118 0  2 206   1  49   3  -1   0 
U135 0  1 231   1  32   2  -1   0 
U136 0  2 231   2  33   9  -1   0 
U22 0  2  41   3  35   8  90   2  942.709     48 943.139 -54.0235
U18 0  2  33   9  41   7  86   2     608    160    864    112
U137 0  2  33  11  53   2 236   2     624    192    624    480
U138 0  2  49   4  48   7 250   0 
U87 0  1  47   4  61   3 169   3     -64     32    -64    192     96    288
U143 0  1  61   4  62   2 272   1     112    656
U144 0  1  61   3  62   4 274   1      96    672
U126 0  2  50   7  63   2 215   2     368    496    624    992
U147 0  2  50   8  63   4 283   3     352    512 415.812 639.113    608   1024
U148 0  2  54   7  56   2 285   2     848    944    848   1024
U38 0  1  28   4  47   2 108   2    -144   -112    -64      0
U140 0  2  48   5  46   2 264   2     144     16    -32     96
U150 0  2  50   6  48   7 289   3     -16    480    -16    128    144     48
U58 0  2  50   5  48   8 135   3       0    464      0    144    144     64
U56 0  2  52   4  53   2 133   0 
U81 0  2  56   5  63   4 161   2     848   1072    752   1024
U155 0  1 307   1  62   5  -1   0 
U156 0  1  47   5  61   4 311   3     -48     48    -48    192    112    288
U157 0  1 313   1  61   4  -1   0 
U158 0  1 314   1  61   4  -1   0 
U43 0  1  32   4  47   5 113   2     368    192     32     48
U40 0  1  32   3  47   4 110   2     368    176     32     32
U141 0  2  49   5  33   7 268   2     416     64 495.122 127.618
U161 0  1 319   1 216   4  -1   0 
U163 0  1 321   1 216   6  -1   0 
U164 0  1 325   1 216   8  -1   0 
U47 0  1  42   8  60   5 124   2    1232    128 1273.68 234.147
U165 0  1 329   1  60   5  -1   0 
U166 0  1  60   7  59   2 330   2  1273.68 266.147   1248    304
U167 0  1 331   1  59   2  -1   0 
U168 0  2 331   2  44   2  -1   0 
U169 0  1 332   1  59   6  -1   0 
U170 0  2 332   2  44   6  -1   0 
U171 0  1 333   1  59   7  -1   0 
U172 0  1 334   1  42   3  -1   0 
U173 0  2 334   2  41   3  -1   0 
U174 0  1 335   1  29  11  -1   0 
U175 0  2 335   2  31   4  -1   0 
U176 0  1 336   1  29  13  -1   0 
U177 0  2 336   2  31   6  -1   0 
U179 0  2  53   8  63   2 340   2     640    576    736    992
U180 0  1 341   5 216   3 343   1    1312    672
U182 0  1 341   4 216   4 345   1    1328    688
U183 0  1 341   2 216   5 346   1    1360    704
U187 0  2 352   1  63   5  -1   0 
U15 0  2  33   7  35   5  83   2     608    128 937.677 -101.853
U188 0  1 359   1  60   7  -1   0 
U185 0  1  55   5 341   3 348   2  1140.3 863.924   1344    848
U189 0  2 360   1  50   7  -1   0 
U190 0  2 363   1  50   7  -1   0 
U191 0  1  42   6  60   3 364   2    1232     96 1273.68 202.147
U192 0  1  42   4  60   1 365   2    1232     64 1289.68 170.147
U195 0  2 369   1  41   8  -1   0 
U196 0  2  41   5  35   7 370   2  911.57 80.4303 911.301 -69.8084
U198 0  1 375   1  59   7  -1   0 
U199 0  1 377   1  59   7  -1   0 
U204 0  1 394   1  28   2  -1   0 
U205 0  2 395   1  31   8  -1   0 
U206 0  2 399   1  63   5  -1   0 
U207 0  2  52   5  53   3 400   0 
U57 0  2  50   3  52   3 134   2     368    432    432    464
U208 0  1 406   1  39   8  -1   0 
U209 0  2 406   2  35   8  -1   0 
U210 0  2 407   1  35   2  -1   0 
U211 0  1 408   1  39   5  -1   0 
U213 0  2 425   2  33   2 427   2     320   -240    496     48
U215 0  2 425   8  31   2 429   2     224   -240   -160    -32
U216 0  2 425   6  48   2 431   2     256   -240    224    -32
U217 0  2 425   5  48   3 432   2     272   -240    240    -16
U218 0  2 433   1 425   7  -1   0 
U219 0  2 436   1 425   2  -1   0 
U220 0  1 440   1  29   9  -1   0 
U221 0  2 441   1  53   6  -1   0 
U222 0  1 442   1  42   2  -1   0 
U223 0  1 444   1  39   2  -1   0 
U224 0  2 445   1  53   8  -1   0 
U225 0  1 447   1  57   3  -1   0 
U226 0  1 448   1  55  10  -1   0 
U227 0  2 448   2  54   7  -1   0 
U228 0  1 449   1  55   7  -1   0 
U229 0  1 450   1  61   2  -1   0 
U232 0  1 464   1 341   2  -1   0 
U242 0  1 466   5 474   1  -1   0 
U243 0  2 465   5 474   2  -1   0 
U244 0  1 466   8 475   1  -1   0 
U245 0  2 465   8 475   2  -1   0 
U248 0  1 466   3 480   1  -1   0 
U249 0  2 465   3 480   2  -1   0 
U251 0  1 216   1 466   7 486   2    1504    640   1504    544
U252 0  1 466   3  59   5 487   2    1504    480   1504    352
U253 0  2  44   6 465   5 488   2     992    368    992    512
U254 0  2  53   5 465   6 490   0 
U76 0  2  50   5  54   4 153   3     384    464    544    592    896    896
U259 0  2 494   1  53   7  -1   0 
U260 0  2 498   1 465   7  -1   0 
U262 0  1 216   2 466   6 506   2    1520    656   1520    528
U263 0  1 507   1 466   5  -1   0 
U264 0  1 509   1 466   8  -1   0 
U265 0  1 466   2  59   6 510   2    1488    464   1488    368
U266 0  1 519   1 466   4  -1   0 
U269 0  2 522   1  33   3  -1   0 
U130 0  1  32   5  42   8 220   4     464    208    544    256    976    256   1120    128
U270 0  2 525   1  44   7  -1   0 
U271 0  2 526   1  41   7  -1   0 
U272 0  1 531   1  32   5  -1   0 
U273 0  1  28   5  47   3 532   2    -144    -96 -66.5404 16.2364
U274 0  1 533   1  47   1  -1   0 
U276 0  1  62   2 536   1 538   2     304    656    656    800
U277 0  1  62   3 536   2 540   2     304    672    656    816
U278 0  1 536   1  55   1 541   0 
U280 0  1 536   2  55   2 543   0 
U281 0  1 544   1 536   2  -1   0 
U283 0  1 546   1 536   2  -1   0 
U284 0  1  28   3  29   3 547   0 
U285 0  1 548   1  57   2  -1   0 
U286 0  1 549   1  62   2  -1   0 
U287 0  1 550   1  62   3  -1   0 
!    ---- Posição de Legenda de Componentes ----
!NumCompo Label Rot Px Py
X  28  2  1     5.84     0.21
X  29  2  1     2.83    -3.67
X  31  2  1   -16.86    11.37
X  32  2  1   -12.82    12.96
X  41  2  1     0.00     8.00
X  46  0  1   -25.32   -21.30
X  50  2  1    -3.12    10.73
X  52  0  1     0.00   -26.19
X  52  1  1     0.68   -15.74
X  52  2  1    -6.19    13.06
X  53  2  1    -8.99    14.98
X  54  0  1    -0.12   -19.90
X  55  2  1   -22.20    14.98
X  56  0  1   -49.47   -21.52
X  56  1  1     0.00    -8.00
X  56  2  1   -34.25    11.04
X  59  0  1     0.00   -20.00
X  59  2  1   -11.76    13.04
X  61  0  0   -59.98    -9.65
X  61  1  0   -32.56     1.98
X  61  2  0    86.40     2.75
X  62  2  1   -17.19    20.28
X  63  0  1   -58.52   -19.24
X  63  1  1    -3.38    -8.00
X 216  0  1   -45.57   -21.11
X 216  1  1   -23.34    -8.00
X 341  0  2    87.85    -0.56
X 341  1  2    89.66    12.53
X 425  0  2   -74.41   -23.65
X 425  1  2   -26.19   -10.01
X 425  2  2   -34.05    21.20
X 465  2  1   -18.00    15.58
X 466  2  1   -19.90    12.74
X 536  0  1   -33.43   -20.47
X 536  1  1    -7.53    -7.06
X 536  2  1   -15.54    17.42
X 105  0  1     2.08    32.11
X 203  1  3   -13.37    -5.06
X 205  1  1    12.00    -8.06
X 205  2  1    12.00    12.25
X 205  2  3   -12.00    10.00
X 206  1  3   -16.12    -8.49
X 313  2  0     3.00   -14.00
X 329  1  0    -3.00   -17.18
X 375  2  0     3.00   -14.00
X 445  1  0    33.01    -8.31
X 445  2  0     3.95     1.16
X 450  1  2    -6.39    15.13
X 464  1  0    34.90   -13.05
X 464  2  0    11.53    -1.68
X 522  1  3   -12.69    -8.49
X 522  2  3   -18.18    14.80
X 546  2  0   -35.61     1.07
!     ---- Posição de Legenda de Ligacoes ----
!Lado NumLig Label Px Py
YF   7  1    -8.00   -12.20
YF  12  1    -1.48    -4.63
YF  12  2    10.56    -5.62
YI  46  2    -1.32    13.07
YI  59  1     3.93    -6.14
YF  59  1    -2.28    -8.40
YF  65  2    14.92    15.82
YF  66  2   -11.39    19.30
YF 136  1    -3.20    -6.71
YI  18  1     2.37    -7.86
YI 143  2    -4.36    14.34
YI 126  2    -2.28    17.31
YF  38  2     0.00    14.00
YF 150  2    -4.89     1.61
YF 156  2    -4.84    13.61
YF  40  2     0.00    14.00
YI  15  1     5.35   -11.83
YI 196  1    -4.42    -8.14
YF 196  2     1.72    14.01
YI 242  1    -4.14    -6.37
YF  76  1    -4.80    -5.54
YF  76  2    -7.81    16.48
