This is pdfTeX, Version 3.141592653-2.6-1.40.24 (MiKTeX 22.3 NEXT) (preloaded format=pdflatex 2022.6.21)  22 JUN 2022 22:29
entering extended mode
 restricted \write18 enabled.
 %&-line parsing enabled.
**./bare_jrnl_new_sample4.tex
(bare_jrnl_new_sample4.tex
LaTeX2e <2022-06-01> pre-release-0 (develop 2022-6-21 branch)
L3 programming layer <2022-06-02>
(C:\Users\leosa\AppData\Roaming\MiKTeX\tex/latex/ieeetran\IEEEtran.cls
Document Class: IEEEtran 2015/08/26 V1.8b by Michael Shell
-- See the "IEEEtran_HOWTO" manual for usage information.
-- http://www.michaelshell.org/tex/ieeetran/
\@IEEEtrantmpdimenA=\dimen138
\@IEEEtrantmpdimenB=\dimen139
\@IEEEtrantmpdimenC=\dimen140
\@IEEEtrantmpcountA=\count185
\@IEEEtrantmpcountB=\count186
\@IEEEtrantmpcountC=\count187
\@IEEEtrantmptoksA=\toks16
LaTeX Font Info:    Trying to load font information for OT1+ptm on input line 5
03.
(C:\Users\leosa\AppData\Roaming\MiKTeX\tex/latex/psnfss\ot1ptm.fd
File: ot1ptm.fd 2001/06/04 font definitions for OT1/ptm.
)
-- Using 8.5in x 11in (letter) paper.
-- Using PDF output.
\@IEEEnormalsizeunitybaselineskip=\dimen141
-- This is a 10 point document.
\CLASSINFOnormalsizebaselineskip=\dimen142
\CLASSINFOnormalsizeunitybaselineskip=\dimen143
\IEEEnormaljot=\dimen144
LaTeX Font Info:    Font shape `OT1/ptm/bx/n' in size <5> not available
(Font)              Font shape `OT1/ptm/b/n' tried instead on input line 1090.
LaTeX Font Info:    Font shape `OT1/ptm/bx/it' in size <5> not available
(Font)              Font shape `OT1/ptm/b/it' tried instead on input line 1090.

LaTeX Font Info:    Font shape `OT1/ptm/bx/n' in size <7> not available
(Font)              Font shape `OT1/ptm/b/n' tried instead on input line 1090.
LaTeX Font Info:    Font shape `OT1/ptm/bx/it' in size <7> not available
(Font)              Font shape `OT1/ptm/b/it' tried instead on input line 1090.

LaTeX Font Info:    Font shape `OT1/ptm/bx/n' in size <8> not available
(Font)              Font shape `OT1/ptm/b/n' tried instead on input line 1090.
LaTeX Font Info:    Font shape `OT1/ptm/bx/it' in size <8> not available
(Font)              Font shape `OT1/ptm/b/it' tried instead on input line 1090.

LaTeX Font Info:    Font shape `OT1/ptm/bx/n' in size <9> not available
(Font)              Font shape `OT1/ptm/b/n' tried instead on input line 1090.
LaTeX Font Info:    Font shape `OT1/ptm/bx/it' in size <9> not available
(Font)              Font shape `OT1/ptm/b/it' tried instead on input line 1090.

LaTeX Font Info:    Font shape `OT1/ptm/bx/n' in size <10> not available
(Font)              Font shape `OT1/ptm/b/n' tried instead on input line 1090.
LaTeX Font Info:    Font shape `OT1/ptm/bx/it' in size <10> not available
(Font)              Font shape `OT1/ptm/b/it' tried instead on input line 1090.

LaTeX Font Info:    Font shape `OT1/ptm/bx/n' in size <11> not available
(Font)              Font shape `OT1/ptm/b/n' tried instead on input line 1090.
LaTeX Font Info:    Font shape `OT1/ptm/bx/it' in size <11> not available
(Font)              Font shape `OT1/ptm/b/it' tried instead on input line 1090.

LaTeX Font Info:    Font shape `OT1/ptm/bx/n' in size <12> not available
(Font)              Font shape `OT1/ptm/b/n' tried instead on input line 1090.
LaTeX Font Info:    Font shape `OT1/ptm/bx/it' in size <12> not available
(Font)              Font shape `OT1/ptm/b/it' tried instead on input line 1090.

LaTeX Font Info:    Font shape `OT1/ptm/bx/n' in size <17> not available
(Font)              Font shape `OT1/ptm/b/n' tried instead on input line 1090.
LaTeX Font Info:    Font shape `OT1/ptm/bx/it' in size <17> not available
(Font)              Font shape `OT1/ptm/b/it' tried instead on input line 1090.

LaTeX Font Info:    Font shape `OT1/ptm/bx/n' in size <20> not available
(Font)              Font shape `OT1/ptm/b/n' tried instead on input line 1090.
LaTeX Font Info:    Font shape `OT1/ptm/bx/it' in size <20> not available
(Font)              Font shape `OT1/ptm/b/it' tried instead on input line 1090.

LaTeX Font Info:    Font shape `OT1/ptm/bx/n' in size <24> not available
(Font)              Font shape `OT1/ptm/b/n' tried instead on input line 1090.
LaTeX Font Info:    Font shape `OT1/ptm/bx/it' in size <24> not available
(Font)              Font shape `OT1/ptm/b/it' tried instead on input line 1090.

\IEEEquantizedlength=\dimen145
\IEEEquantizedlengthdiff=\dimen146
\IEEEquantizedtextheightdiff=\dimen147
\IEEEilabelindentA=\dimen148
\IEEEilabelindentB=\dimen149
\IEEEilabelindent=\dimen150
\IEEEelabelindent=\dimen151
\IEEEdlabelindent=\dimen152
\IEEElabelindent=\dimen153
\IEEEiednormlabelsep=\dimen154
\IEEEiedmathlabelsep=\dimen155
\IEEEiedtopsep=\skip47
\c@section=\count188
\c@subsection=\count189
\c@subsubsection=\count190
\c@paragraph=\count191
\c@IEEEsubequation=\count192
\abovecaptionskip=\skip48
\belowcaptionskip=\skip49
\c@figure=\count193
\c@table=\count194
\@IEEEeqnnumcols=\count195
\@IEEEeqncolcnt=\count196
\@IEEEsubeqnnumrollback=\count197
\@IEEEquantizeheightA=\dimen156
\@IEEEquantizeheightB=\dimen157
\@IEEEquantizeheightC=\dimen158
\@IEEEquantizeprevdepth=\dimen159
\@IEEEquantizemultiple=\count198
\@IEEEquantizeboxA=\box51
\@IEEEtmpitemindent=\dimen160
\IEEEPARstartletwidth=\dimen161
\c@IEEEbiography=\count199
\@IEEEtranrubishbin=\box52
) (D:\Program Files\MiKTeX\tex/latex/amsmath\amsmath.sty
Package: amsmath 2022/04/08 v2.17n AMS math features
\@mathmargin=\skip50

For additional information on amsmath, use the `?' option.
(D:\Program Files\MiKTeX\tex/latex/amsmath\amstext.sty
Package: amstext 2021/08/26 v2.01 AMS text

(D:\Program Files\MiKTeX\tex/latex/amsmath\amsgen.sty
File: amsgen.sty 1999/11/30 v2.0 generic functions
\@emptytoks=\toks17
\ex@=\dimen162
))
(D:\Program Files\MiKTeX\tex/latex/amsmath\amsbsy.sty
Package: amsbsy 1999/11/29 v1.2d Bold Symbols
\pmbraise@=\dimen163
)
(D:\Program Files\MiKTeX\tex/latex/amsmath\amsopn.sty
Package: amsopn 2022/04/08 v2.04 operator names
)
\inf@bad=\count266
LaTeX Info: Redefining \frac on input line 234.
\uproot@=\count267
\leftroot@=\count268
LaTeX Info: Redefining \overline on input line 399.
LaTeX Info: Redefining \colon on input line 410.
\classnum@=\count269
\DOTSCASE@=\count270
LaTeX Info: Redefining \ldots on input line 496.
LaTeX Info: Redefining \dots on input line 499.
LaTeX Info: Redefining \cdots on input line 620.
\Mathstrutbox@=\box53
\strutbox@=\box54
LaTeX Info: Redefining \big on input line 722.
LaTeX Info: Redefining \Big on input line 723.
LaTeX Info: Redefining \bigg on input line 724.
LaTeX Info: Redefining \Bigg on input line 725.
\big@size=\dimen164
LaTeX Font Info:    Redeclaring font encoding OML on input line 743.
LaTeX Font Info:    Redeclaring font encoding OMS on input line 744.
\macc@depth=\count271
LaTeX Info: Redefining \bmod on input line 905.
LaTeX Info: Redefining \pmod on input line 910.
LaTeX Info: Redefining \smash on input line 940.
LaTeX Info: Redefining \relbar on input line 970.
LaTeX Info: Redefining \Relbar on input line 971.
\c@MaxMatrixCols=\count272
\dotsspace@=\muskip16
\c@parentequation=\count273
\dspbrk@lvl=\count274
\tag@help=\toks18
\row@=\count275
\column@=\count276
\maxfields@=\count277
\andhelp@=\toks19
\eqnshift@=\dimen165
\alignsep@=\dimen166
\tagshift@=\dimen167
\tagwidth@=\dimen168
\totwidth@=\dimen169
\lineht@=\dimen170
\@envbody=\toks20
\multlinegap=\skip51
\multlinetaggap=\skip52
\mathdisplay@stack=\toks21
LaTeX Info: Redefining \[ on input line 2953.
LaTeX Info: Redefining \] on input line 2954.
)
(D:\Program Files\MiKTeX\tex/latex/amsfonts\amsfonts.sty
Package: amsfonts 2013/01/14 v3.01 Basic AMSFonts support
\symAMSa=\mathgroup4
\symAMSb=\mathgroup5
LaTeX Font Info:    Redeclaring math symbol \hbar on input line 98.
LaTeX Font Info:    Overwriting math alphabet `\mathfrak' in version `bold'
(Font)                  U/euf/m/n --> U/euf/b/n on input line 106.
)
(C:\Users\leosa\AppData\Roaming\MiKTeX\tex/latex/algorithmicx\algorithmicx.sty
Package: algorithmicx 2005/04/27 v1.2 Algorithmicx

(D:\Program Files\MiKTeX\tex/latex/base\ifthen.sty
Package: ifthen 2022/04/13 v1.1d Standard LaTeX ifthen package (DPC)
)
Document Style algorithmicx 1.2 - a greatly improved `algorithmic' style
\c@ALG@line=\count278
\c@ALG@rem=\count279
\c@ALG@nested=\count280
\ALG@tlm=\skip53
\ALG@thistlm=\skip54
\c@ALG@Lnr=\count281
\c@ALG@blocknr=\count282
\c@ALG@storecount=\count283
\c@ALG@tmpcounter=\count284
\ALG@tmplength=\skip55
) (C:\Users\leosa\AppData\Roaming\MiKTeX\tex/latex/algorithms\algorithm.sty
Package: algorithm 2009/08/24 v0.1 Document Style `algorithm' - floating enviro
nment

(C:\Users\leosa\AppData\Roaming\MiKTeX\tex/latex/float\float.sty
Package: float 2001/11/08 v1.3d Float enhancements (AL)
\c@float@type=\count285
\float@exts=\toks22
\float@box=\box55
\@float@everytoks=\toks23
\@floatcapt=\box56
)
\@float@every@algorithm=\toks24
\c@algorithm=\count286
)
(D:\Program Files\MiKTeX\tex/latex/tools\array.sty
Package: array 2021/10/04 v2.5f Tabular extension package (FMi)
\col@sep=\dimen171
\ar@mcellbox=\box57
\extrarowheight=\dimen172
\NC@list=\toks25
\extratabsurround=\skip56
\backup@length=\skip57
\ar@cellbox=\box58
)
(C:\Users\leosa\AppData\Roaming\MiKTeX\tex/latex/subfig\subfig.sty
Package: subfig 2005/06/28 ver: 1.3 subfig package

(D:\Program Files\MiKTeX\tex/latex/graphics\keyval.sty
Package: keyval 2022/05/29 v1.15 key=value parser (DPC)
\KV@toks@=\toks26
)
(C:\Users\leosa\AppData\Roaming\MiKTeX\tex/latex/caption\caption.sty
Package: caption 2022/03/01 v3.6b Customizing captions (AR)

(C:\Users\leosa\AppData\Roaming\MiKTeX\tex/latex/caption\caption3.sty
Package: caption3 2022/03/17 v2.3b caption3 kernel (AR)
\caption@tempdima=\dimen173
\captionmargin=\dimen174
\caption@leftmargin=\dimen175
\caption@rightmargin=\dimen176
\caption@width=\dimen177
\caption@indent=\dimen178
\caption@parindent=\dimen179
\caption@hangindent=\dimen180
Package caption Info: Unknown document class (or package),
(caption)             standard defaults will be used.
Package caption Info: \@makecaption = \long macro:#1#2->\ifx \@captype \@IEEEta
blestring \footnotesize \bgroup \par \centering \@IEEEtabletopskipstrut {\norma
lfont \footnotesize #1}\\{\normalfont \footnotesize \scshape #2}\par \addvspace
 {0.5\baselineskip }\egroup \@IEEEtablecaptionsepspace \else \@IEEEfigurecaptio
nsepspace \setbox \@tempboxa \hbox {\normalfont \footnotesize {#1.}\nobreakspac
e \nobreakspace #2}\ifdim \wd \@tempboxa >\hsize \setbox \@tempboxa \hbox {\nor
malfont \footnotesize {#1.}\nobreakspace \nobreakspace }\parbox [t]{\hsize }{\n
ormalfont \footnotesize \noindent \unhbox \@tempboxa #2}\else \ifCLASSOPTIONcon
ference \hbox to\hsize {\normalfont \footnotesize \hfil \box \@tempboxa \hfil }
\else \hbox to\hsize {\normalfont \footnotesize \box \@tempboxa \hfil }\fi \fi 
\fi  on input line 1176.
)

Package caption Warning: Unknown document class (or package),
(caption)                standard defaults will be used.
See the caption package documentation for explanation.

\c@caption@flags=\count287
\c@continuedfloat=\count288
Package caption Info: float package is loaded.
)
\c@KVtest=\count289
\sf@farskip=\skip58
\sf@captopadj=\dimen181
\sf@capskip=\skip59
\sf@nearskip=\skip60
\c@subfigure=\count290
\c@subfigure@save=\count291
\c@lofdepth=\count292
\c@subtable=\count293
\c@subtable@save=\count294
\c@lotdepth=\count295
\sf@top=\skip61
\sf@bottom=\skip62
) (D:\Program Files\MiKTeX\tex/latex/base\textcomp.sty
Package: textcomp 2020/02/02 v2.0n Standard LaTeX package
)
(C:\Users\leosa\AppData\Roaming\MiKTeX\tex/latex/sttools\stfloats.sty
Package: stfloats 2017/03/27 v3.3 Improve float mechanism and baselineskip sett
ings
\@dblbotnum=\count296
\c@dblbotnumber=\count297
)
(D:\Program Files\MiKTeX\tex/latex/url\url.sty
\Urlmuskip=\muskip17
Package: url 2013/09/16  ver 3.4  Verb mode for urls, etc.
)
(D:\Program Files\MiKTeX\tex/latex/tools\verbatim.sty
Package: verbatim 2020-07-07 v1.5u LaTeX2e package for verbatim enhancements
\every@verbatim=\toks27
\verbatim@line=\toks28
\verbatim@in@stream=\read2
)
(D:\Program Files\MiKTeX\tex/latex/graphics\graphicx.sty
Package: graphicx 2021/09/16 v1.2d Enhanced LaTeX Graphics (DPC,SPQR)

(D:\Program Files\MiKTeX\tex/latex/graphics\graphics.sty
Package: graphics 2022/03/10 v1.4e Standard LaTeX Graphics (DPC,SPQR)

(D:\Program Files\MiKTeX\tex/latex/graphics\trig.sty
Package: trig 2021/08/11 v1.11 sin cos tan (DPC)
)
(D:\Program Files\MiKTeX\tex/latex/graphics-cfg\graphics.cfg
File: graphics.cfg 2016/06/04 v1.11 sample graphics configuration
)
Package graphics Info: Driver file: pdftex.def on input line 107.

(D:\Program Files\MiKTeX\tex/latex/graphics-def\pdftex.def
File: pdftex.def 2020/10/05 v1.2a Graphics/color driver for pdftex
))
\Gin@req@height=\dimen182
\Gin@req@width=\dimen183
)
(C:\Users\leosa\AppData\Roaming\MiKTeX\tex/latex/cite\cite.sty
LaTeX Info: Redefining \cite on input line 302.
LaTeX Info: Redefining \nocite on input line 332.
Package: cite 2015/02/27  v 5.5
)
(D:\Program Files\MiKTeX\tex/latex/tools\tabularx.sty
Package: tabularx 2020/01/15 v2.11c `tabularx' package (DPC)
\TX@col@width=\dimen184
\TX@old@table=\dimen185
\TX@old@col=\dimen186
\TX@target=\dimen187
\TX@delta=\dimen188
\TX@cols=\count298
\TX@ftn=\toks29
)
(C:\Users\leosa\AppData\Roaming\MiKTeX\tex/latex/carlisle\scalefnt.sty)
(D:\Program Files\MiKTeX\tex/generic/babel\babel.sty
Package: babel 2022/06/06 3.76 The Babel package
\babel@savecnt=\count299
\U@D=\dimen189
\l@unhyphenated=\language79

(D:\Program Files\MiKTeX\tex/generic/babel\txtbabel.def)
\bbl@readstream=\read3
\bbl@dirlevel=\count300

*************************************
* Local config file bblopts.cfg used
*
(D:\Program Files\MiKTeX\tex/latex/arabi\bblopts.cfg
File: bblopts.cfg 2005/09/08 v0.1 add Arabic and Farsi to "declared" options of
 babel
)
(C:\Users\leosa\AppData\Roaming\MiKTeX\tex/latex/babel-portuges\portuguese.ldf
Language: portuges 2021/07/09 v1.2t Portuguese support from the babel system
Package babel Info: Making " an active character on input line 143.
)) (D:\Program Files\MiKTeX\tex/generic/babel/locale/pt\babel-portuguese.tex
Package babel Info: Importing font and identification data for portuguese
(babel)             from babel-pt.ini. Reported on input line 11.
)
(D:\Program Files\MiKTeX\tex/latex/l3backend\l3backend-pdftex.def
File: l3backend-pdftex.def 2022-04-20 L3 backend support: PDF output (pdfTeX)
\l__color_backend_stack_int=\count301
\l__pdf_internal_box=\box59
)

LaTeX Warning: Unused global option(s):
    [lettersize].

(bare_jrnl_new_sample4.aux)
\openout1 = `bare_jrnl_new_sample4.aux'.

LaTeX Font Info:    Checking defaults for OML/cmm/m/it on input line 42.
LaTeX Font Info:    ... okay on input line 42.
LaTeX Font Info:    Checking defaults for OMS/cmsy/m/n on input line 42.
LaTeX Font Info:    ... okay on input line 42.
LaTeX Font Info:    Checking defaults for OT1/cmr/m/n on input line 42.
LaTeX Font Info:    ... okay on input line 42.
LaTeX Font Info:    Checking defaults for T1/cmr/m/n on input line 42.
LaTeX Font Info:    ... okay on input line 42.
LaTeX Font Info:    Checking defaults for TS1/cmr/m/n on input line 42.
LaTeX Font Info:    ... okay on input line 42.
LaTeX Font Info:    Checking defaults for OMX/cmex/m/n on input line 42.
LaTeX Font Info:    ... okay on input line 42.
LaTeX Font Info:    Checking defaults for U/cmr/m/n on input line 42.
LaTeX Font Info:    ... okay on input line 42.

-- Lines per column: 58 (exact).
Package caption Info: Begin \AtBeginDocument code.
Package caption Info: subfig package v1.3 is loaded.
Package caption Info: End \AtBeginDocument code.
(D:\Program Files\MiKTeX\tex/context/base/mkii\supp-pdf.mkii
[Loading MPS to PDF converter (version 2006.09.02).]
\scratchcounter=\count302
\scratchdimen=\dimen190
\scratchbox=\box60
\nofMPsegments=\count303
\nofMParguments=\count304
\everyMPshowfont=\toks30
\MPscratchCnt=\count305
\MPscratchDim=\dimen191
\MPnumerator=\count306
\makeMPintoPDFobject=\count307
\everyMPtoPDFconversion=\toks31
) (D:\Program Files\MiKTeX\tex/latex/epstopdf-pkg\epstopdf-base.sty
Package: epstopdf-base 2020-01-24 v2.11 Base part for package epstopdf

(C:\Users\leosa\AppData\Roaming\MiKTeX\tex/generic/infwarerr\infwarerr.sty
Package: infwarerr 2019/12/03 v1.5 Providing info/warning/error messages (HO)
)
(C:\Users\leosa\AppData\Roaming\MiKTeX\tex/latex/grfext\grfext.sty
Package: grfext 2019/12/03 v1.3 Manage graphics extensions (HO)

(C:\Users\leosa\AppData\Roaming\MiKTeX\tex/generic/kvdefinekeys\kvdefinekeys.st
y
Package: kvdefinekeys 2019-12-19 v1.6 Define keys (HO)
)) (C:\Users\leosa\AppData\Roaming\MiKTeX\tex/latex/kvoptions\kvoptions.sty
Package: kvoptions 2020-10-07 v3.14 Key value format for package options (HO)

(C:\Users\leosa\AppData\Roaming\MiKTeX\tex/generic/ltxcmds\ltxcmds.sty
Package: ltxcmds 2020-05-10 v1.25 LaTeX kernel commands for general use (HO)
)
(C:\Users\leosa\AppData\Roaming\MiKTeX\tex/generic/kvsetkeys\kvsetkeys.sty
Package: kvsetkeys 2019/12/15 v1.18 Key value parser (HO)
))
(D:\Program Files\MiKTeX\tex/generic/pdftexcmds\pdftexcmds.sty
Package: pdftexcmds 2020-06-27 v0.33 Utility functions of pdfTeX for LuaTeX (HO
)

(D:\Program Files\MiKTeX\tex/generic/iftex\iftex.sty
Package: iftex 2022/02/03 v1.0f TeX engine tests
)
Package pdftexcmds Info: \pdf@primitive is available.
Package pdftexcmds Info: \pdf@ifprimitive is available.
Package pdftexcmds Info: \pdfdraftmode found.
)
Package epstopdf-base Info: Redefining graphics rule for `.eps' on input line 4
85.
Package grfext Info: Graphics extension search list:
(grfext)             [.pdf,.png,.jpg,.mps,.jpeg,.jbig2,.jb2,.PDF,.PNG,.JPG,.JPE
G,.JBIG2,.JB2,.eps]
(grfext)             \AppendGraphicsExtensions on input line 504.

(D:\Program Files\MiKTeX\tex/latex/00miktex\epstopdf-sys.cfg
File: epstopdf-sys.cfg 2021/03/18 v2.0 Configuration of epstopdf for MiKTeX
))
LaTeX Font Info:    Trying to load font information for U+msa on input line 62.


(D:\Program Files\MiKTeX\tex/latex/amsfonts\umsa.fd
File: umsa.fd 2013/01/14 v3.01 AMS symbols A
)
LaTeX Font Info:    Trying to load font information for U+msb on input line 62.


(D:\Program Files\MiKTeX\tex/latex/amsfonts\umsb.fd
File: umsb.fd 2013/01/14 v3.01 AMS symbols B
)
<Figuras/ONS_ABRANGENCIA.png, id=1, 734.745pt x 444.15938pt>
File: Figuras/ONS_ABRANGENCIA.png Graphic file (type png)
<use Figuras/ONS_ABRANGENCIA.png>
Package pdftex.def Info: Figuras/ONS_ABRANGENCIA.png  used on input line 91.
(pdftex.def)             Requested size: 258.0pt x 155.9664pt.

Overfull \hbox (6.0pt too wide) in paragraph at lines 91--93
 [][] 
 []


LaTeX Warning: `h' float specifier changed to `ht'.

[1{C:/Users/leosa/AppData/Local/MiKTeX/fonts/map/pdftex/pdftex.map}


]
<Figuras/Figura-1-Niveis-Hierarquicos-de-um-Sistema-de-Potencia.jpg, id=11, 215
.1293pt x 215.1293pt>
File: Figuras/Figura-1-Niveis-Hierarquicos-de-um-Sistema-de-Potencia.jpg Graphi
c file (type jpg)
<use Figuras/Figura-1-Niveis-Hierarquicos-de-um-Sistema-de-Potencia.jpg>
Package pdftex.def Info: Figuras/Figura-1-Niveis-Hierarquicos-de-um-Sistema-de-
Potencia.jpg  used on input line 113.
(pdftex.def)             Requested size: 154.80157pt x 154.80106pt.

Underfull \vbox (badness 2418) has occurred while \output is active []

<Figuras/STSB-32.png, id=12, 864.98157pt x 667.74469pt>
File: Figuras/STSB-32.png Graphic file (type png)
<use Figuras/STSB-32.png>
Package pdftex.def Info: Figuras/STSB-32.png  used on input line 161.
(pdftex.def)             Requested size: 258.0pt x 199.1634pt.

Overfull \hbox (6.0pt too wide) in paragraph at lines 161--163
 [][] 
 []

[2 <./Figuras/ONS_ABRANGENCIA.png> <./Figuras/Figura-1-Niveis-Hierarquicos-de-u
m-Sistema-de-Potencia.jpg> <./Figuras/STSB-32.png>]
Overfull \hbox (6.0pt too wide) in paragraph at lines 217--218
 [][] 
 []


Overfull \hbox (6.0pt too wide) in paragraph at lines 241--242
 [][] 
 []


Overfull \hbox (3.6574pt too wide) in paragraph at lines 286--286
 []|\OT1/ptm/m/n/5.59998 Viola[][]ao| 
 []


Overfull \hbox (10.51175pt too wide) in paragraph at lines 286--286
 []|\OT1/ptm/m/n/5.59998 Divergentes| 
 []


Overfull \hbox (10.51175pt too wide) in paragraph at lines 286--286
 []|\OT1/ptm/m/n/5.59998 Divergentes| 
 []


Overfull \hbox (10.51175pt too wide) in paragraph at lines 286--286
 []|\OT1/ptm/m/n/5.59998 Divergentes| 
 []


Overfull \hbox (10.51175pt too wide) in paragraph at lines 286--286
 []|\OT1/ptm/m/n/5.59998 Divergentes| 
 []


Overfull \hbox (10.51175pt too wide) in paragraph at lines 286--286
 []|\OT1/ptm/m/n/5.59998 Divergentes| 
 []


Overfull \hbox (10.51175pt too wide) in paragraph at lines 286--286
 []|\OT1/ptm/m/n/5.59998 Divergentes| 
 []


Overfull \hbox (10.51175pt too wide) in paragraph at lines 286--286
 []|\OT1/ptm/m/n/5.59998 Divergentes| 
 []


Overfull \hbox (10.51175pt too wide) in paragraph at lines 286--286
 []|\OT1/ptm/m/n/5.59998 Divergentes| 
 []


Overfull \hbox (10.51175pt too wide) in paragraph at lines 286--286
 []|\OT1/ptm/m/n/5.59998 Divergentes| 
 []


Overfull \hbox (10.51175pt too wide) in paragraph at lines 286--286
 []|\OT1/ptm/m/n/5.59998 Divergentes| 
 []


Overfull \hbox (6.0pt too wide) in paragraph at lines 286--287
 [][] 
 []

[3]
Overfull \hbox (4.99986pt too wide) in paragraph at lines 351--351
 []|\OT1/ptm/m/n/5.59998 0.999998669| 
 []


Overfull \hbox (4.99986pt too wide) in paragraph at lines 351--351
 []|\OT1/ptm/m/n/5.59998 0.999998669| 
 []


Overfull \hbox (4.99986pt too wide) in paragraph at lines 351--351
 []|\OT1/ptm/m/n/5.59998 0.999998669| 
 []


Overfull \hbox (4.99986pt too wide) in paragraph at lines 351--351
 []|\OT1/ptm/m/n/5.59998 0.999999249| 
 []


Overfull \hbox (4.99986pt too wide) in paragraph at lines 351--351
 []|\OT1/ptm/m/n/5.59998 0.999999249| 
 []


Overfull \hbox (4.99986pt too wide) in paragraph at lines 351--351
 []|\OT1/ptm/m/n/5.59998 0.999999887| 
 []


Overfull \hbox (4.99986pt too wide) in paragraph at lines 351--351
 []|\OT1/ptm/m/n/5.59998 0.999999002| 
 []


Overfull \hbox (4.99986pt too wide) in paragraph at lines 351--351
 []|\OT1/ptm/m/n/5.59998 0.999999817| 
 []


Overfull \hbox (4.99986pt too wide) in paragraph at lines 351--351
 []|\OT1/ptm/m/n/5.59998 0.999998461| 
 []


Overfull \hbox (4.99986pt too wide) in paragraph at lines 351--351
 []|\OT1/ptm/m/n/5.59998 0.999999002| 
 []


Overfull \hbox (4.99986pt too wide) in paragraph at lines 351--351
 []|\OT1/ptm/m/n/5.59998 0.999998669| 
 []


Overfull \hbox (4.99986pt too wide) in paragraph at lines 351--351
 []|\OT1/ptm/m/n/5.59998 0.999999911| 
 []


Overfull \hbox (4.99986pt too wide) in paragraph at lines 351--351
 []|\OT1/ptm/m/n/5.59998 0.999998461| 
 []


Overfull \hbox (4.99986pt too wide) in paragraph at lines 351--351
 []|\OT1/ptm/m/n/5.59998 0.999999922| 
 []


Overfull \hbox (4.99986pt too wide) in paragraph at lines 351--351
 []|\OT1/ptm/m/n/5.59998 0.999999817| 
 []


Overfull \hbox (4.99986pt too wide) in paragraph at lines 351--351
 []|\OT1/ptm/m/n/5.59998 0.999999002| 
 []


Overfull \hbox (4.99986pt too wide) in paragraph at lines 351--351
 []|\OT1/ptm/m/n/5.59998 0.999999002| 
 []


Overfull \hbox (4.99986pt too wide) in paragraph at lines 351--351
 []|\OT1/ptm/m/n/5.59998 0.999999922| 
 []


Overfull \hbox (4.99986pt too wide) in paragraph at lines 351--351
 []|\OT1/ptm/m/n/5.59998 0.999999002| 
 []


Overfull \hbox (4.99986pt too wide) in paragraph at lines 351--351
 []|\OT1/ptm/m/n/5.59998 0.999999249| 
 []


Overfull \hbox (4.99986pt too wide) in paragraph at lines 351--351
 []|\OT1/ptm/m/n/5.59998 0.999998461| 
 []


Overfull \hbox (4.99986pt too wide) in paragraph at lines 351--351
 []|\OT1/ptm/m/n/5.59998 0.999998945| 
 []


Overfull \hbox (4.99986pt too wide) in paragraph at lines 351--351
 []|\OT1/ptm/m/n/5.59998 0.999999002| 
 []


Overfull \hbox (4.99986pt too wide) in paragraph at lines 351--351
 []|\OT1/ptm/m/n/5.59998 0.999998461| 
 []


Overfull \hbox (4.99986pt too wide) in paragraph at lines 351--351
 []|\OT1/ptm/m/n/5.59998 0.999999817| 
 []


Overfull \hbox (4.99986pt too wide) in paragraph at lines 351--351
 []|\OT1/ptm/m/n/5.59998 0.999999817| 
 []


Overfull \hbox (4.99986pt too wide) in paragraph at lines 351--351
 []|\OT1/ptm/m/n/5.59998 0.999998665| 
 []


Overfull \hbox (4.99986pt too wide) in paragraph at lines 351--351
 []|\OT1/ptm/m/n/5.59998 0.999998665| 
 []


Overfull \hbox (4.99986pt too wide) in paragraph at lines 351--351
 []|\OT1/ptm/m/n/5.59998 0.999998418| 
 []


Overfull \hbox (4.99986pt too wide) in paragraph at lines 351--351
 []|\OT1/ptm/m/n/5.59998 0.999998418| 
 []


Overfull \hbox (4.99986pt too wide) in paragraph at lines 351--351
 []|\OT1/ptm/m/n/5.59998 0.999998418| 
 []


Overfull \hbox (6.0pt too wide) in paragraph at lines 351--352
 [][] 
 []


Overfull \hbox (2.39864pt too wide) in paragraph at lines 403--403
 []|\OT1/ptm/m/n/4.80005 99.4547262%| 
 []


Overfull \hbox (6.0pt too wide) in paragraph at lines 403--404
 [][] 
 []


Overfull \hbox (6.0pt too wide) in paragraph at lines 419--420
 [][] 
 []

(bare_jrnl_new_sample4.bbl [4]) [5

] (bare_jrnl_new_sample4.aux)

LaTeX Font Warning: Size substitutions with differences
(Font)              up to 2.59998pt have occurred.

 ) 
Here is how much of TeX's memory you used:
 7090 strings out of 478354
 126736 string characters out of 2846933
 543264 words of memory out of 3000000
 25369 multiletter control sequences out of 15000+600000
 520209 words of font info for 133 fonts, out of 8000000 for 9000
 1145 hyphenation exceptions out of 8191
 69i,14n,79p,604b,336s stack positions out of 10000i,1000n,20000p,200000b,80000s
{D:/Program Files/MiKTeX/fonts/enc/dvips/base/8r.enc}<D:/Program Files/MiKTeX
/fonts/type1/public/amsfonts/cm/cmex10.pfb><D:/Program Files/MiKTeX/fonts/type1
/public/amsfonts/cm/cmmi10.pfb><D:/Program Files/MiKTeX/fonts/type1/public/amsf
onts/cm/cmmi7.pfb><D:/Program Files/MiKTeX/fonts/type1/public/amsfonts/cm/cmr10
.pfb><D:/Program Files/MiKTeX/fonts/type1/public/amsfonts/cm/cmr7.pfb><D:/Progr
am Files/MiKTeX/fonts/type1/public/amsfonts/cm/cmsy10.pfb><D:/Program Files/MiK
TeX/fonts/type1/urw/times/utmb8a.pfb><D:/Program Files/MiKTeX/fonts/type1/urw/t
imes/utmbi8a.pfb><D:/Program Files/MiKTeX/fonts/type1/urw/times/utmr8a.pfb><D:/
Program Files/MiKTeX/fonts/type1/urw/times/utmri8a.pfb>
Output written on bare_jrnl_new_sample4.pdf (5 pages, 347161 bytes).
PDF statistics:
 75 PDF objects out of 1000 (max. 8388607)
 0 named destinations out of 1000 (max. 500000)
 16 words of extra memory for PDF output out of 10000 (max. 10000000)

